<?xml version="1.0" encoding="UTF-8"?>
<testng-results ignored="0" total="3" passed="3" failed="0" skipped="0">
  <reporter-output>
  </reporter-output>
  <suite started-at="2025-03-13T11:44:46 WIB" name="Default suite" finished-at="2025-03-13T11:44:53 WIB" duration-ms="6790">
    <groups>
    </groups>
    <test started-at="2025-03-13T11:44:46 WIB" name="Default test" finished-at="2025-03-13T11:44:53 WIB" duration-ms="6790">
      <class name="api.test.StoreTests">
        <test-method is-config="true" signature="setupData()[pri:0, instance:api.test.StoreTests@179ece50]" started-at="2025-03-13T11:44:46 WIB" name="setupData" finished-at="2025-03-13T11:44:46 WIB" duration-ms="80" status="PASS">
          <reporter-output>
          </reporter-output>
        </test-method> <!-- setupData -->
        <test-method signature="testCreateOrder()[pri:1, instance:api.test.StoreTests@179ece50]" started-at="2025-03-13T11:44:46 WIB" name="testCreateOrder" finished-at="2025-03-13T11:44:50 WIB" duration-ms="4200" status="PASS">
          <reporter-output>
          </reporter-output>
        </test-method> <!-- testCreateOrder -->
        <test-method signature="testgetPOwithId()[pri:2, instance:api.test.StoreTests@179ece50]" started-at="2025-03-13T11:44:50 WIB" name="testgetPOwithId" finished-at="2025-03-13T11:44:52 WIB" duration-ms="1227" status="PASS">
          <reporter-output>
          </reporter-output>
        </test-method> <!-- testgetPOwithId -->
        <test-method signature="testdetetePOwithId()[pri:3, instance:api.test.StoreTests@179ece50]" started-at="2025-03-13T11:44:52 WIB" name="testdetetePOwithId" finished-at="2025-03-13T11:44:53 WIB" duration-ms="1205" status="PASS">
          <reporter-output>
          </reporter-output>
        </test-method> <!-- testdetetePOwithId -->
      </class> <!-- api.test.StoreTests -->
    </test> <!-- Default test -->
  </suite> <!-- Default suite -->
</testng-results>
