<?xml version="1.0" encoding="UTF-8"?>
<!-- Generated by org.testng.reporters.JUnitXMLReporter -->
<testsuite ignored="0" hostname="DESKTOP-ESAJ57F" failures="0" tests="3" name="Default test" time="6.79" errors="0" timestamp="2025-03-13T11:44:53 WIB">
  <testcase classname="api.test.StoreTests" name="testCreateOrder" time="4.2"/>
  <testcase classname="api.test.StoreTests" name="testgetPOwithId" time="1.227"/>
  <testcase classname="api.test.StoreTests" name="testdetetePOwithId" time="1.205"/>
</testsuite> <!-- Default test -->
